build/outputs/logs/manifest-merger-debug-report.txt
-- Merging decision tree log ---
manifest
ADDED from Downloads/bluetooth3/AndroidManifest.xml:2:1-39:12
INJECTED from Downloads/bluetooth3/AndroidManifest.xml:2:1-39:12
INJECTED from Downloads/bluetooth3/AndroidManifest.xml:2:1-39:12
INJECTED from Downloads/bluetooth3/AndroidManifest.xml:2:1-39:12
INJECTED from Downloads/bluetooth3/AndroidManifest.xml:2:1-39:12
	package
		ADDED from Downloads/bluetooth3/AndroidManifest.xml:3:5-36
	android:versionName
		ADDED from Downloads/bluetooth3/AndroidManifest.xml:5:5-30
		INJECTED from Downloads/bluetooth3/AndroidManifest.xml
		INJECTED from Downloads/bluetooth3/AndroidManifest.xml
	xmlns:android
		ADDED from Downloads/bluetooth3/AndroidManifest.xml:2:11-69
	android:versionCode
		ADDED from Downloads/bluetooth3/AndroidManifest.xml:4:5-28
		INJECTED from Downloads/bluetooth3/AndroidManifest.xml
		INJECTED from Downloads/bluetooth3/AndroidManifest.xml
uses-sdk
ADDED from Downloads/bluetooth3/AndroidManifest.xml:7:5-9:41
	android:targetSdkVersion
		ADDED from Downloads/bluetooth3/AndroidManifest.xml:9:9-38
	android:minSdkVersion
		ADDED from Downloads/bluetooth3/AndroidManifest.xml:8:9-34
uses-permission#android.permission.BLUETOOTH
ADDED from Downloads/bluetooth3/AndroidManifest.xml:11:5-67
	android:name
		ADDED from Downloads/bluetooth3/AndroidManifest.xml:11:22-65
uses-permission#android.permission.BLUETOOTH_ADMIN
ADDED from Downloads/bluetooth3/AndroidManifest.xml:12:5-73
	android:name
		ADDED from Downloads/bluetooth3/AndroidManifest.xml:12:22-71
uses-permission#android.permission.RECORD_AUDIO
ADDED from Downloads/bluetooth3/AndroidManifest.xml:13:5-71
	android:name
		ADDED from Downloads/bluetooth3/AndroidManifest.xml:13:22-68
uses-permission#android.permission.MODIFY_AUDIO_SETTINGS
ADDED from Downloads/bluetooth3/AndroidManifest.xml:14:5-80
	android:name
		ADDED from Downloads/bluetooth3/AndroidManifest.xml:14:22-77
application
ADDED from Downloads/bluetooth3/AndroidManifest.xml:22:5-35:19
	android:label
		ADDED from Downloads/bluetooth3/AndroidManifest.xml:25:9-34
	android:icon
		ADDED from Downloads/bluetooth3/AndroidManifest.xml:24:9-45
	android:allowBackup
		ADDED from Downloads/bluetooth3/AndroidManifest.xml:23:9-35
	android:theme
		ADDED from Downloads/bluetooth3/AndroidManifest.xml:26:9-67
activity#main.MainActivity
ADDED from Downloads/bluetooth3/AndroidManifest.xml:27:9-34:20
	android:label
		ADDED from Downloads/bluetooth3/AndroidManifest.xml:29:13-38
	android:name
		ADDED from Downloads/bluetooth3/AndroidManifest.xml:28:13-45
intent-filter#android.intent.action.MAIN+android.intent.category.LAUNCHER
ADDED from Downloads/bluetooth3/AndroidManifest.xml:30:13-33:29
action#android.intent.action.MAIN
ADDED from Downloads/bluetooth3/AndroidManifest.xml:31:17-69
	android:name
		ADDED from Downloads/bluetooth3/AndroidManifest.xml:31:25-66
category#android.intent.category.LAUNCHER
ADDED from Downloads/bluetooth3/AndroidManifest.xml:32:17-77
	android:name
		ADDED from Downloads/bluetooth3/AndroidManifest.xml:32:27-74